2017-11-08 16:54:32,919 :: DEBUG :: [launch.py:129 -             <module>() ] Starting...
2017-11-08 16:56:25,198 :: DEBUG :: [launch.py:129 -             <module>() ] Starting...
2017-11-08 16:56:25,198 :: DEBUG :: [launch.py:129 -             <module>() ] Starting...
2017-11-08 16:56:25,202 :: DEBUG :: [launch.py:129 -             <module>() ] Starting...
2017-11-08 16:56:25,202 :: DEBUG :: [launch.py:129 -             <module>() ] Starting...
2017-11-08 16:56:25,202 :: DEBUG :: [launch.py:129 -             <module>() ] Starting...
2017-11-08 16:56:29,384 :: DEBUG :: [launch.py:129 -             <module>() ] Starting...
2017-11-08 17:01:13,675 :: DEBUG :: [launch.py:129 -             <module>() ] Starting...
2017-11-08 17:01:15,998 :: DEBUG :: [launch.py:137 -          create_game() ] Returning {'self': <common.objects.Game object at 0x10af29d68>}
2017-11-08 17:01:41,119 :: DEBUG :: [launch.py:129 -             <module>() ] Starting...
2017-11-08 17:01:41,119 :: DEBUG :: [launch.py:129 -             <module>() ] Starting...
2017-11-08 17:01:41,121 :: DEBUG :: [launch.py:129 -             <module>() ] Starting...
2017-11-08 17:01:41,121 :: DEBUG :: [launch.py:129 -             <module>() ] Starting...
2017-11-08 17:01:41,121 :: DEBUG :: [launch.py:129 -             <module>() ] Starting...
2017-11-08 17:01:45,737 :: DEBUG :: [launch.py:129 -             <module>() ] Starting...
2017-11-08 17:01:46,846 :: DEBUG :: [launch.py:137 -          create_game() ] Returning <common.objects.Game object at 0x109140860>
2017-11-08 17:01:48,446 :: DEBUG :: [launch.py:137 -          create_game() ] Returning <common.objects.Game object at 0x109140940>
2017-11-08 17:03:56,109 :: DEBUG :: [launch.py:129 -             <module>() ] Starting...
2017-11-08 17:03:56,109 :: DEBUG :: [launch.py:129 -             <module>() ] Starting...
2017-11-08 17:03:56,111 :: DEBUG :: [launch.py:129 -             <module>() ] Starting...
2017-11-08 17:03:56,111 :: DEBUG :: [launch.py:129 -             <module>() ] Starting...
2017-11-08 17:03:56,111 :: DEBUG :: [launch.py:129 -             <module>() ] Starting...
2017-11-08 17:03:57,590 :: DEBUG :: [launch.py:129 -             <module>() ] Starting...
2017-11-08 17:03:59,710 :: DEBUG :: [launch.py:137 -          create_game() ] Returning {'open': True, 'players': [], 'name': 'arthur', 'id': UUID('986d6df7-f725-4a69-97bc-05482514512d')}
2017-11-08 17:04:15,805 :: DEBUG :: [launch.py:129 -             <module>() ] Starting...
2017-11-08 17:04:15,805 :: DEBUG :: [launch.py:129 -             <module>() ] Starting...
2017-11-08 17:04:15,808 :: DEBUG :: [launch.py:129 -             <module>() ] Starting...
2017-11-08 17:04:15,808 :: DEBUG :: [launch.py:129 -             <module>() ] Starting...
2017-11-08 17:04:15,808 :: DEBUG :: [launch.py:129 -             <module>() ] Starting...
2017-11-08 17:04:19,473 :: DEBUG :: [launch.py:129 -             <module>() ] Starting...
2017-11-08 17:04:20,636 :: DEBUG :: [launch.py:137 -          create_game() ] Returning {'open': True, 'players': [], 'name': 'arthur', 'id': '60d919a2-f29e-4aab-8631-6223a58d558c'}
2017-11-08 17:07:00,002 :: DEBUG :: [launch.py:129 -             <module>() ] Starting...
2017-11-08 17:07:00,002 :: DEBUG :: [launch.py:129 -             <module>() ] Starting...
2017-11-08 17:07:00,006 :: DEBUG :: [launch.py:129 -             <module>() ] Starting...
2017-11-08 17:07:00,006 :: DEBUG :: [launch.py:129 -             <module>() ] Starting...
2017-11-08 17:07:00,006 :: DEBUG :: [launch.py:129 -             <module>() ] Starting...
2017-11-08 17:20:15,411 :: DEBUG :: [launch.py:129 -             <module>() ] Starting...
2017-11-08 17:22:20,878 :: DEBUG :: [launch.py:129 -             <module>() ] Starting...
2017-11-08 17:22:20,878 :: DEBUG :: [launch.py:129 -             <module>() ] Starting...
2017-11-08 17:22:20,880 :: DEBUG :: [launch.py:129 -             <module>() ] Starting...
2017-11-08 17:22:20,880 :: DEBUG :: [launch.py:129 -             <module>() ] Starting...
2017-11-08 17:22:20,880 :: DEBUG :: [launch.py:129 -             <module>() ] Starting...
2017-11-08 17:22:21,566 :: DEBUG :: [launch.py:129 -             <module>() ] Starting...
2017-11-08 17:25:06,304 :: DEBUG :: [launch.py:129 -             <module>() ] Starting...
2017-11-08 17:25:06,304 :: DEBUG :: [launch.py:129 -             <module>() ] Starting...
2017-11-08 17:25:06,306 :: DEBUG :: [launch.py:129 -             <module>() ] Starting...
2017-11-08 17:25:06,306 :: DEBUG :: [launch.py:129 -             <module>() ] Starting...
2017-11-08 17:25:06,306 :: DEBUG :: [launch.py:129 -             <module>() ] Starting...
2017-11-08 17:25:10,506 :: DEBUG :: [launch.py:129 -             <module>() ] Starting...
2017-11-08 17:25:30,961 :: DEBUG :: [launch.py:129 -             <module>() ] Starting...
2017-11-08 17:25:30,961 :: DEBUG :: [launch.py:129 -             <module>() ] Starting...
2017-11-08 17:25:30,963 :: DEBUG :: [launch.py:129 -             <module>() ] Starting...
2017-11-08 17:25:30,963 :: DEBUG :: [launch.py:129 -             <module>() ] Starting...
2017-11-08 17:25:30,963 :: DEBUG :: [launch.py:129 -             <module>() ] Starting...
2017-11-08 17:25:56,941 :: DEBUG :: [launch.py:129 -             <module>() ] Starting...
2017-11-08 17:27:36,704 :: DEBUG :: [launch.py:129 -             <module>() ] Starting...
2017-11-08 17:27:36,704 :: DEBUG :: [launch.py:129 -             <module>() ] Starting...
2017-11-08 17:27:36,706 :: DEBUG :: [launch.py:129 -             <module>() ] Starting...
2017-11-08 17:27:36,706 :: DEBUG :: [launch.py:129 -             <module>() ] Starting...
2017-11-08 17:27:36,706 :: DEBUG :: [launch.py:129 -             <module>() ] Starting...
2017-11-08 17:27:44,397 :: DEBUG :: [launch.py:129 -             <module>() ] Starting...
2017-11-08 17:34:18,588 :: DEBUG :: [launch.py:131 -             <module>() ] Starting...
2017-11-08 17:34:18,588 :: DEBUG :: [launch.py:131 -             <module>() ] Starting...
2017-11-08 17:34:18,590 :: DEBUG :: [launch.py:131 -             <module>() ] Starting...
2017-11-08 17:34:18,590 :: DEBUG :: [launch.py:131 -             <module>() ] Starting...
2017-11-08 17:34:18,590 :: DEBUG :: [launch.py:131 -             <module>() ] Starting...
2017-11-08 17:35:14,694 :: DEBUG :: [launch.py:131 -             <module>() ] Starting...
2017-11-08 17:37:09,809 :: DEBUG :: [launch.py:151 -          create_game() ] Returning {'phase': 0, 'players': [], 'name': 'MonJeuTropBien', 'id': 'a9a9d1cf-4ef4-4309-8e05-a757549a0517'}
2017-11-08 17:38:01,242 :: DEBUG :: [launch.py:151 -          create_game() ] Returning {'phase': 0, 'players': [], 'name': 'MonJeuTropJoli', 'id': 'e31dd2d0-9f4b-40ab-8654-c36ccf7b4be0'}
2017-11-08 17:41:55,942 :: DEBUG :: [launch.py:131 -             <module>() ] Starting...
2017-11-08 17:41:55,942 :: DEBUG :: [launch.py:131 -             <module>() ] Starting...
2017-11-08 17:44:08,610 :: DEBUG :: [launch.py:131 -             <module>() ] Starting...
2017-11-08 17:44:29,373 :: DEBUG :: [launch.py:131 -             <module>() ] Starting...
2017-11-08 20:41:50,064 :: DEBUG :: [launch.py:131 -             <module>() ] Starting...
